<?xml version="1.0" encoding="UTF-8" ?>
<testsuite errors="5" failures="0" hostname="cape-win-server" name="test.FlywayDBUnit_Tests" skipped="0" tests="5" time="0.532" timestamp="2017-11-02T08:38:32">
  <properties>
[...]
</properties>
  <testcase classname="test.FlywayDBUnit_Tests" name="testCheckActualvsLoaded5" time="0.406">
    <error message="\var\lib\jenkins\workspace\DBUnitTesting\InitialDB-State.xml (The system cannot find the path specified)" type="java.io.FileNotFoundException">java.io.FileNotFoundException: \var\lib\jenkins\workspace\DBUnitTesting\InitialDB-State.xml (The system cannot find the path specified)
	at java.io.FileOutputStream.open0(Native Method)
	at java.io.FileOutputStream.open(FileOutputStream.java:270)
	at java.io.FileOutputStream.&lt;init&gt;(FileOutputStream.java:213)
	at java.io.FileOutputStream.&lt;init&gt;(FileOutputStream.java:101)
	at test.FlywayDBUnit_Tests.setUp(FlywayDBUnit_Tests.java:75)
</error>
  </testcase>
  <testcase classname="test.FlywayDBUnit_Tests" name="testCheckXMLRowCount" time="0.016">
    <error message="\var\lib\jenkins\workspace\DBUnitTesting\InitialDB-State.xml (The system cannot find the path specified)" type="java.io.FileNotFoundException">java.io.FileNotFoundException: \var\lib\jenkins\workspace\DBUnitTesting\InitialDB-State.xml (The system cannot find the path specified)
	at java.io.FileOutputStream.open0(Native Method)
	at java.io.FileOutputStream.open(FileOutputStream.java:270)
	at java.io.FileOutputStream.&lt;init&gt;(FileOutputStream.java:213)
	at java.io.FileOutputStream.&lt;init&gt;(FileOutputStream.java:101)
	at test.FlywayDBUnit_Tests.setUp(FlywayDBUnit_Tests.java:75)
</error>
  </testcase>
  <testcase classname="test.FlywayDBUnit_Tests" name="testCheckXMLDataNonNUllability2" time="0.031">
    <error message="\var\lib\jenkins\workspace\DBUnitTesting\InitialDB-State.xml (The system cannot find the path specified)" type="java.io.FileNotFoundException">java.io.FileNotFoundException: \var\lib\jenkins\workspace\DBUnitTesting\InitialDB-State.xml (The system cannot find the path specified)
	at java.io.FileOutputStream.open0(Native Method)
	at java.io.FileOutputStream.open(FileOutputStream.java:270)
	at java.io.FileOutputStream.&lt;init&gt;(FileOutputStream.java:213)
	at java.io.FileOutputStream.&lt;init&gt;(FileOutputStream.java:101)
	at test.FlywayDBUnit_Tests.setUp(FlywayDBUnit_Tests.java:75)
</error>
  </testcase>
  <testcase classname="test.FlywayDBUnit_Tests" name="testCheckXMLDataNonNUllability3" time="0.016">
    <error message="\var\lib\jenkins\workspace\DBUnitTesting\InitialDB-State.xml (The system cannot find the path specified)" type="java.io.FileNotFoundException">java.io.FileNotFoundException: \var\lib\jenkins\workspace\DBUnitTesting\InitialDB-State.xml (The system cannot find the path specified)
	at java.io.FileOutputStream.open0(Native Method)
	at java.io.FileOutputStream.open(FileOutputStream.java:270)
	at java.io.FileOutputStream.&lt;init&gt;(FileOutputStream.java:213)
	at java.io.FileOutputStream.&lt;init&gt;(FileOutputStream.java:101)
	at test.FlywayDBUnit_Tests.setUp(FlywayDBUnit_Tests.java:75)
</error>
  </testcase>
  <testcase classname="test.FlywayDBUnit_Tests" name="testCheckXMLDataNonNUllability4" time="0.016">
    <error message="\var\lib\jenkins\workspace\DBUnitTesting\InitialDB-State.xml (The system cannot find the path specified)" type="java.io.FileNotFoundException">java.io.FileNotFoundException: \var\lib\jenkins\workspace\DBUnitTesting\InitialDB-State.xml (The system cannot find the path specified)
	at java.io.FileOutputStream.open0(Native Method)
	at java.io.FileOutputStream.open(FileOutputStream.java:270)
	at java.io.FileOutputStream.&lt;init&gt;(FileOutputStream.java:213)
	at java.io.FileOutputStream.&lt;init&gt;(FileOutputStream.java:101)
	at test.FlywayDBUnit_Tests.setUp(FlywayDBUnit_Tests.java:75)
</error>
  </testcase>
  <system-out><![CDATA[]]></system-out>
  <system-err><![CDATA[]]></system-err>
</testsuite>
